

Microchip Technology PIC18 LITE Macro Assembler V1.32 build 58300 
                                                                                               Wed Nov 14 21:33:08 2018

Microchip Technology Omniscient Code Generator (Lite mode) build 58300
     1                           	processor	18F4620
     2                           	fnconf	rparam,??,?,0
     3                           	opt	pw 120
     4                           	opt	lm
     5                           	psect	text0,global,reloc=2,class=CODE,delta=1
     6                           	psect	cinit,global,reloc=2,class=CODE,delta=1
     7                           	psect	cstackCOMRAM,global,class=COMRAM,space=1,delta=1
     8                           	psect	text1,global,reloc=2,class=CODE,delta=1
     9                           	psect	text2,global,reloc=2,class=CODE,delta=1
    10                           	psect	text3,global,reloc=2,class=CODE,delta=1
    11                           	psect	text4,global,reloc=2,class=CODE,delta=1
    12                           	psect	text5,global,reloc=2,class=CODE,delta=1
    13                           	psect	text6,global,reloc=2,class=CODE,delta=1
    14                           	psect	text7,global,reloc=2,class=CODE,delta=1
    15                           	psect	intsave_regs,global,class=BIGRAM,space=1,delta=1
    16                           	psect	rparam,global,class=COMRAM,space=1,delta=1
    17  0000                     _LATD	set	3980
    18  0000                     _LATEbits	set	3981
    19  0000                     _OSCCONbits	set	4051
    20  0000                     _TRISD	set	3989
    21  0000                     _TRISEbits	set	3990
    22                           
    23                           ; 0 bytes @ 0x2
    24 ;;
    25 ;;Main: autosize = 0, tempsize = 0, incstack = 0, save=0
    26 ;;
    27 ;; *************** function _main *****************
    28 ;; Defined at:
    29 ;;		line 29 in file "main.c"
    30 ;; Parameters:    Size  Location     Type
    31 ;;		None
    32 ;; Auto vars:     Size  Location     Type
    33 ;;		None
    34 ;; Return value:  Size  Location     Type
    35 ;;                  2   64[COMRAM] int 
    36 ;; Registers used:
    37 ;;		wreg, status,2, status,0, cstack
    38 ;; Tracked objects:
    39 ;;		On entry : 0/0
    40 ;;		On exit  : 0/0
    41 ;;		Unchanged: 0/0
    42 ;; Data sizes:     COMRAM   BANK0   BANK1   BANK2   BANK3   BANK4   BANK5   BANK6   BANK7   BANK8   BANK9  BANK10  BANK1
      +1  BANK12  BANK13  BANK14  BANK15
    43 ;;      Params:         0       0       0       0       0       0       0       0       0       0       0       0       
      +0       0       0       0       0
    44 ;;      Locals:         0       0       0       0       0       0       0       0       0       0       0       0       
      +0       0       0       0       0
    45 ;;      Temps:          0       0       0       0       0       0       0       0       0       0       0       0       
      +0       0       0       0       0
    46 ;;      Totals:         0       0       0       0       0       0       0       0       0       0       0       0       
      +0       0       0       0       0
    47 ;;Total ram usage:        0 bytes
    48 ;; Hardware stack levels required when called:    3
    49 ;; This function calls:
    50 ;;		_LCDClear
    51 ;;		_LCDInit
    52 ;;		_initIO
    53 ;;		_initOscillator
    54 ;; This function is called by:
    55 ;;		Startup code after reset
    56 ;; This function uses a non-reentrant model
    57 ;;
    58                           
    59                           	psect	text0
    60  00FF58                     __ptext0:
    61                           	opt stack 0
    62  00FF58                     _main:
    63                           	opt stack 28
    64                           
    65                           ;main.c: 30: initOscillator();
    66                           
    67                           ;incstack = 0
    68  00FF58  EC98  F07F         	call	_initOscillator	;wreg free
    69                           
    70                           ;main.c: 31: initIO();
    71  00FF5C  EC8E  F07F         	call	_initIO	;wreg free
    72                           
    73                           ;main.c: 32: LCDInit();
    74  00FF60  ECC5  F07F         	call	_LCDInit	;wreg free
    75                           
    76                           ;main.c: 33: LCDClear();
    77  00FF64  EC94  F07F         	call	_LCDClear	;wreg free
    78  00FF68                     l65:
    79  00FF68  D7FF               	goto	l65
    80  00FF6A                     __end_of_main:
    81                           	opt stack 0
    82                           
    83                           	psect	cinit
    84  00FF22                     __pcinit:
    85                           	opt stack 0
    86  00FF22                     start_initialization:
    87                           	opt stack 0
    88  00FF22                     __initialization:
    89                           	opt stack 0
    90  00FF22                     end_of_initialization:
    91                           	opt stack 0
    92  00FF22                     __end_of__initialization:
    93                           	opt stack 0
    94  00FF22  0100               	movlb	0
    95  00FF24  EFAC  F07F         	goto	_main	;jump to C main() function
    96                           
    97                           	psect	cstackCOMRAM
    98  000001                     __pcstackCOMRAM:
    99                           	opt stack 0
   100  000001                     Delay10TCYx@unit:
   101                           	opt stack 0
   102  000001                     Delay1KTCYx@unit:
   103                           	opt stack 0
   104                           
   105                           ; 1 bytes @ 0x0
   106  000001                     	ds	1
   107  000002                     lcd_cmd@cmd:
   108                           	opt stack 0
   109                           
   110                           ; 1 bytes @ 0x1
   111  000002                     	ds	1
   112  000003                     
   113 ;; *************** function _initOscillator *****************
   114 ;; Defined at:
   115 ;;		line 44 in file "initBoard.c"
   116 ;; Parameters:    Size  Location     Type
   117 ;;		None
   118 ;; Auto vars:     Size  Location     Type
   119 ;;		None
   120 ;; Return value:  Size  Location     Type
   121 ;;		None               void
   122 ;; Registers used:
   123 ;;		None
   124 ;; Tracked objects:
   125 ;;		On entry : 0/0
   126 ;;		On exit  : 0/0
   127 ;;		Unchanged: 0/0
   128 ;; Data sizes:     COMRAM   BANK0   BANK1   BANK2   BANK3   BANK4   BANK5   BANK6   BANK7   BANK8   BANK9  BANK10  BANK1
      +1  BANK12  BANK13  BANK14  BANK15
   129 ;;      Params:         0       0       0       0       0       0       0       0       0       0       0       0       
      +0       0       0       0       0
   130 ;;      Locals:         0       0       0       0       0       0       0       0       0       0       0       0       
      +0       0       0       0       0
   131 ;;      Temps:          0       0       0       0       0       0       0       0       0       0       0       0       
      +0       0       0       0       0
   132 ;;      Totals:         0       0       0       0       0       0       0       0       0       0       0       0       
      +0       0       0       0       0
   133 ;;Total ram usage:        0 bytes
   134 ;; Hardware stack levels used:    1
   135 ;; This function calls:
   136 ;;		Nothing
   137 ;; This function is called by:
   138 ;;		_main
   139 ;; This function uses a non-reentrant model
   140 ;;
   141                           
   142                           	psect	text1
   143  00FF30                     __ptext1:
   144                           	opt stack 0
   145  00FF30                     _initOscillator:
   146                           	opt stack 30
   147                           
   148                           ;initBoard.c: 46: OSCCONbits.IRCF0 = 1;
   149                           
   150                           ;incstack = 0
   151  00FF30  88D3               	bsf	4051,4,c	;volatile
   152                           
   153                           ;initBoard.c: 47: OSCCONbits.IRCF1 = 1;
   154  00FF32  8AD3               	bsf	4051,5,c	;volatile
   155                           
   156                           ;initBoard.c: 48: OSCCONbits.IRCF2 = 1;
   157  00FF34  8CD3               	bsf	4051,6,c	;volatile
   158  00FF36  0012               	return	
   159  00FF38                     __end_of_initOscillator:
   160                           	opt stack 0
   161                           
   162 ;; *************** function _initIO *****************
   163 ;; Defined at:
   164 ;;		line 56 in file "initBoard.c"
   165 ;; Parameters:    Size  Location     Type
   166 ;;		None
   167 ;; Auto vars:     Size  Location     Type
   168 ;;		None
   169 ;; Return value:  Size  Location     Type
   170 ;;		None               void
   171 ;; Registers used:
   172 ;;		wreg, status,2
   173 ;; Tracked objects:
   174 ;;		On entry : 0/0
   175 ;;		On exit  : 0/0
   176 ;;		Unchanged: 0/0
   177 ;; Data sizes:     COMRAM   BANK0   BANK1   BANK2   BANK3   BANK4   BANK5   BANK6   BANK7   BANK8   BANK9  BANK10  BANK1
      +1  BANK12  BANK13  BANK14  BANK15
   178 ;;      Params:         0       0       0       0       0       0       0       0       0       0       0       0       
      +0       0       0       0       0
   179 ;;      Locals:         0       0       0       0       0       0       0       0       0       0       0       0       
      +0       0       0       0       0
   180 ;;      Temps:          0       0       0       0       0       0       0       0       0       0       0       0       
      +0       0       0       0       0
   181 ;;      Totals:         0       0       0       0       0       0       0       0       0       0       0       0       
      +0       0       0       0       0
   182 ;;Total ram usage:        0 bytes
   183 ;; Hardware stack levels used:    1
   184 ;; This function calls:
   185 ;;		Nothing
   186 ;; This function is called by:
   187 ;;		_main
   188 ;; This function uses a non-reentrant model
   189 ;;
   190                           
   191                           	psect	text2
   192  00FF1C                     __ptext2:
   193                           	opt stack 0
   194  00FF1C                     _initIO:
   195                           	opt stack 30
   196                           
   197                           ;initBoard.c: 57: TRISD = 0x00;
   198                           
   199                           ;incstack = 0
   200  00FF1C  0E00               	movlw	0
   201  00FF1E  6E95               	movwf	3989,c	;volatile
   202  00FF20  0012               	return	
   203  00FF22                     __end_of_initIO:
   204                           	opt stack 0
   205                           
   206 ;; *************** function _LCDInit *****************
   207 ;; Defined at:
   208 ;;		line 60 in file "../common/lcd.c"
   209 ;; Parameters:    Size  Location     Type
   210 ;;		None
   211 ;; Auto vars:     Size  Location     Type
   212 ;;		None
   213 ;; Return value:  Size  Location     Type
   214 ;;		None               void
   215 ;; Registers used:
   216 ;;		wreg, status,2, status,0, cstack
   217 ;; Tracked objects:
   218 ;;		On entry : 0/0
   219 ;;		On exit  : 0/0
   220 ;;		Unchanged: 0/0
   221 ;; Data sizes:     COMRAM   BANK0   BANK1   BANK2   BANK3   BANK4   BANK5   BANK6   BANK7   BANK8   BANK9  BANK10  BANK1
      +1  BANK12  BANK13  BANK14  BANK15
   222 ;;      Params:         0       0       0       0       0       0       0       0       0       0       0       0       
      +0       0       0       0       0
   223 ;;      Locals:         0       0       0       0       0       0       0       0       0       0       0       0       
      +0       0       0       0       0
   224 ;;      Temps:          0       0       0       0       0       0       0       0       0       0       0       0       
      +0       0       0       0       0
   225 ;;      Totals:         0       0       0       0       0       0       0       0       0       0       0       0       
      +0       0       0       0       0
   226 ;;Total ram usage:        0 bytes
   227 ;; Hardware stack levels used:    1
   228 ;; Hardware stack levels required when called:    2
   229 ;; This function calls:
   230 ;;		_Delay10TCYx
   231 ;;		_Delay1KTCYx
   232 ;;		_lcd_cmd
   233 ;; This function is called by:
   234 ;;		_main
   235 ;; This function uses a non-reentrant model
   236 ;;
   237                           
   238                           	psect	text3
   239  00FF8A                     __ptext3:
   240                           	opt stack 0
   241  00FF8A                     _LCDInit:
   242                           	opt stack 28
   243                           
   244                           ;lcd.c: 64: Delay1KTCYx(30);
   245                           
   246                           ;incstack = 0
   247  00FF8A  0E1E               	movlw	30
   248  00FF8C  EC9C  F07F         	call	_Delay1KTCYx
   249                           
   250                           ;lcd.c: 67: LATD &= 0x00;
   251  00FF90  0E00               	movlw	0
   252  00FF92  6E8C               	movwf	3980,c	;volatile
   253                           
   254                           ;lcd.c: 68: LATEbits.LATE2 = 0;
   255  00FF94  948D               	bcf	3981,2,c	;volatile
   256                           
   257                           ;lcd.c: 69: LATEbits.LATE0 = 0;
   258  00FF96  908D               	bcf	3981,0,c	;volatile
   259                           
   260                           ;lcd.c: 70: LATEbits.LATE1 = 0;
   261  00FF98  928D               	bcf	3981,1,c	;volatile
   262                           
   263                           ;lcd.c: 73: TRISD &= 0x00;
   264  00FF9A  0E00               	movlw	0
   265  00FF9C  6E95               	movwf	3989,c	;volatile
   266                           
   267                           ;lcd.c: 74: TRISEbits.TRISE2 = 0;
   268  00FF9E  9496               	bcf	3990,2,c	;volatile
   269                           
   270                           ;lcd.c: 75: TRISEbits.TRISE0 = 0;
   271  00FFA0  9096               	bcf	3990,0,c	;volatile
   272                           
   273                           ;lcd.c: 76: TRISEbits.TRISE1 = 0;
   274  00FFA2  9296               	bcf	3990,1,c	;volatile
   275                           
   276                           ;lcd.c: 79: LATD &= 0x00;
   277  00FFA4  0E00               	movlw	0
   278  00FFA6  6E8C               	movwf	3980,c	;volatile
   279                           
   280                           ;lcd.c: 80: LATD |= 0x38;
   281  00FFA8  0E38               	movlw	56
   282  00FFAA  128C               	iorwf	3980,f,c	;volatile
   283                           
   284                           ;lcd.c: 81: LATEbits.LATE1 = 1;
   285  00FFAC  828D               	bsf	3981,1,c	;volatile
   286                           
   287                           ;lcd.c: 82: __nop();
   288  00FFAE  F000               	nop	
   289                           
   290                           ;lcd.c: 83: __nop();
   291  00FFB0  F000               	nop	
   292                           
   293                           ;lcd.c: 84: __nop();
   294  00FFB2  F000               	nop	
   295                           
   296                           ;lcd.c: 85: LATEbits.LATE1 = 0;
   297  00FFB4  928D               	bcf	3981,1,c	;volatile
   298                           
   299                           ;lcd.c: 87: Delay1KTCYx(10);
   300  00FFB6  0E0A               	movlw	10
   301  00FFB8  EC9C  F07F         	call	_Delay1KTCYx
   302                           
   303                           ;lcd.c: 90: LATD &= 0x00;
   304  00FFBC  0E00               	movlw	0
   305  00FFBE  6E8C               	movwf	3980,c	;volatile
   306                           
   307                           ;lcd.c: 91: LATD |= 0x38;
   308  00FFC0  0E38               	movlw	56
   309  00FFC2  128C               	iorwf	3980,f,c	;volatile
   310                           
   311                           ;lcd.c: 92: LATEbits.LATE1 = 1;
   312  00FFC4  828D               	bsf	3981,1,c	;volatile
   313                           
   314                           ;lcd.c: 93: __nop();
   315  00FFC6  F000               	nop	
   316                           
   317                           ;lcd.c: 94: __nop();
   318  00FFC8  F000               	nop	
   319                           
   320                           ;lcd.c: 95: __nop();
   321  00FFCA  F000               	nop	
   322                           
   323                           ;lcd.c: 96: LATEbits.LATE1 = 0;
   324  00FFCC  928D               	bcf	3981,1,c	;volatile
   325                           
   326                           ;lcd.c: 98: Delay10TCYx(40);
   327  00FFCE  0E28               	movlw	40
   328  00FFD0  ECA4  F07F         	call	_Delay10TCYx
   329                           
   330                           ;lcd.c: 101: LATD &= 0x00;
   331  00FFD4  0E00               	movlw	0
   332  00FFD6  6E8C               	movwf	3980,c	;volatile
   333                           
   334                           ;lcd.c: 102: LATD |= 0x38;
   335  00FFD8  0E38               	movlw	56
   336  00FFDA  128C               	iorwf	3980,f,c	;volatile
   337                           
   338                           ;lcd.c: 103: LATEbits.LATE1 = 1;
   339  00FFDC  828D               	bsf	3981,1,c	;volatile
   340                           
   341                           ;lcd.c: 104: __nop();
   342  00FFDE  F000               	nop	
   343                           
   344                           ;lcd.c: 105: __nop();
   345  00FFE0  F000               	nop	
   346                           
   347                           ;lcd.c: 106: __nop();
   348  00FFE2  F000               	nop	
   349                           
   350                           ;lcd.c: 107: LATEbits.LATE1 = 0;
   351  00FFE4  928D               	bcf	3981,1,c	;volatile
   352                           
   353                           ;lcd.c: 109: Delay10TCYx(40);
   354  00FFE6  0E28               	movlw	40
   355  00FFE8  ECA4  F07F         	call	_Delay10TCYx
   356                           
   357                           ;lcd.c: 111: lcd_cmd( 0x38 );
   358  00FFEC  0E38               	movlw	56
   359  00FFEE  ECB5  F07F         	call	_lcd_cmd
   360                           
   361                           ;lcd.c: 112: lcd_cmd( 0x0C );
   362  00FFF2  0E0C               	movlw	12
   363  00FFF4  ECB5  F07F         	call	_lcd_cmd
   364                           
   365                           ;lcd.c: 113: lcd_cmd( 0x06 );
   366  00FFF8  0E06               	movlw	6
   367  00FFFA  ECB5  F07F         	call	_lcd_cmd
   368  00FFFE  0012               	return	
   369  010000                     __end_of_LCDInit:
   370                           	opt stack 0
   371                           
   372 ;; *************** function _Delay10TCYx *****************
   373 ;; Defined at:
   374 ;;		line 8 in file "C:\Program Files (x86)\Microchip\xc8\v1.32\sources\pic18\d10tcyx.c"
   375 ;; Parameters:    Size  Location     Type
   376 ;;  unit            1    wreg     unsigned char 
   377 ;; Auto vars:     Size  Location     Type
   378 ;;  unit            1    0[COMRAM] unsigned char 
   379 ;; Return value:  Size  Location     Type
   380 ;;		None               void
   381 ;; Registers used:
   382 ;;		wreg
   383 ;; Tracked objects:
   384 ;;		On entry : 0/0
   385 ;;		On exit  : 0/0
   386 ;;		Unchanged: 0/0
   387 ;; Data sizes:     COMRAM   BANK0   BANK1   BANK2   BANK3   BANK4   BANK5   BANK6   BANK7   BANK8   BANK9  BANK10  BANK1
      +1  BANK12  BANK13  BANK14  BANK15
   388 ;;      Params:         0       0       0       0       0       0       0       0       0       0       0       0       
      +0       0       0       0       0
   389 ;;      Locals:         1       0       0       0       0       0       0       0       0       0       0       0       
      +0       0       0       0       0
   390 ;;      Temps:          0       0       0       0       0       0       0       0       0       0       0       0       
      +0       0       0       0       0
   391 ;;      Totals:         1       0       0       0       0       0       0       0       0       0       0       0       
      +0       0       0       0       0
   392 ;;Total ram usage:        1 bytes
   393 ;; Hardware stack levels used:    1
   394 ;; This function calls:
   395 ;;		Nothing
   396 ;; This function is called by:
   397 ;;		_LCDInit
   398 ;;		_lcd_data
   399 ;; This function uses a non-reentrant model
   400 ;;
   401                           
   402                           	psect	text4
   403  00FF48                     __ptext4:
   404                           	opt stack 0
   405  00FF48                     _Delay10TCYx:
   406                           	opt stack 29
   407                           
   408                           ;incstack = 0
   409                           ;Delay10TCYx@unit stored from wreg
   410  00FF48  6E01               	movwf	Delay10TCYx@unit,c
   411  00FF4A                     l301:
   412  00FF4A  0E03               	movlw	3
   413  00FF4C                     u27:
   414  00FF4C  2EE8               	decfsz	wreg,f,c
   415  00FF4E  D7FE               	goto	u27
   416  00FF50  F000               	nop	
   417  00FF52  2E01               	decfsz	Delay10TCYx@unit,f,c
   418  00FF54  D7FA               	goto	l301
   419  00FF56  0012               	return	
   420  00FF58                     __end_of_Delay10TCYx:
   421                           	opt stack 0
   422                           wreg	equ	0xFE8
   423                           
   424 ;; *************** function _LCDClear *****************
   425 ;; Defined at:
   426 ;;		line 121 in file "../common/lcd.c"
   427 ;; Parameters:    Size  Location     Type
   428 ;;		None
   429 ;; Auto vars:     Size  Location     Type
   430 ;;		None
   431 ;; Return value:  Size  Location     Type
   432 ;;		None               void
   433 ;; Registers used:
   434 ;;		wreg, status,2, status,0, cstack
   435 ;; Tracked objects:
   436 ;;		On entry : 0/0
   437 ;;		On exit  : 0/0
   438 ;;		Unchanged: 0/0
   439 ;; Data sizes:     COMRAM   BANK0   BANK1   BANK2   BANK3   BANK4   BANK5   BANK6   BANK7   BANK8   BANK9  BANK10  BANK1
      +1  BANK12  BANK13  BANK14  BANK15
   440 ;;      Params:         0       0       0       0       0       0       0       0       0       0       0       0       
      +0       0       0       0       0
   441 ;;      Locals:         0       0       0       0       0       0       0       0       0       0       0       0       
      +0       0       0       0       0
   442 ;;      Temps:          0       0       0       0       0       0       0       0       0       0       0       0       
      +0       0       0       0       0
   443 ;;      Totals:         0       0       0       0       0       0       0       0       0       0       0       0       
      +0       0       0       0       0
   444 ;;Total ram usage:        0 bytes
   445 ;; Hardware stack levels used:    1
   446 ;; Hardware stack levels required when called:    2
   447 ;; This function calls:
   448 ;;		_lcd_cmd
   449 ;; This function is called by:
   450 ;;		_main
   451 ;; This function uses a non-reentrant model
   452 ;;
   453                           
   454                           	psect	text5
   455  00FF28                     __ptext5:
   456                           	opt stack 0
   457  00FF28                     _LCDClear:
   458                           	opt stack 28
   459                           
   460                           ;lcd.c: 123: lcd_cmd(0x01 );
   461                           
   462                           ;incstack = 0
   463  00FF28  0E01               	movlw	1
   464  00FF2A  ECB5  F07F         	call	_lcd_cmd
   465  00FF2E  0012               	return	
   466  00FF30                     __end_of_LCDClear:
   467                           	opt stack 0
   468                           wreg	equ	0xFE8
   469                           
   470 ;; *************** function _lcd_cmd *****************
   471 ;; Defined at:
   472 ;;		line 128 in file "../common/lcd.c"
   473 ;; Parameters:    Size  Location     Type
   474 ;;  cmd             1    wreg     unsigned char 
   475 ;; Auto vars:     Size  Location     Type
   476 ;;  cmd             1    1[COMRAM] unsigned char 
   477 ;; Return value:  Size  Location     Type
   478 ;;		None               void
   479 ;; Registers used:
   480 ;;		wreg, status,2, status,0, cstack
   481 ;; Tracked objects:
   482 ;;		On entry : 0/0
   483 ;;		On exit  : 0/0
   484 ;;		Unchanged: 0/0
   485 ;; Data sizes:     COMRAM   BANK0   BANK1   BANK2   BANK3   BANK4   BANK5   BANK6   BANK7   BANK8   BANK9  BANK10  BANK1
      +1  BANK12  BANK13  BANK14  BANK15
   486 ;;      Params:         0       0       0       0       0       0       0       0       0       0       0       0       
      +0       0       0       0       0
   487 ;;      Locals:         1       0       0       0       0       0       0       0       0       0       0       0       
      +0       0       0       0       0
   488 ;;      Temps:          0       0       0       0       0       0       0       0       0       0       0       0       
      +0       0       0       0       0
   489 ;;      Totals:         1       0       0       0       0       0       0       0       0       0       0       0       
      +0       0       0       0       0
   490 ;;Total ram usage:        1 bytes
   491 ;; Hardware stack levels used:    1
   492 ;; Hardware stack levels required when called:    1
   493 ;; This function calls:
   494 ;;		_Delay1KTCYx
   495 ;; This function is called by:
   496 ;;		_LCDInit
   497 ;;		_LCDClear
   498 ;;		_LCDPos
   499 ;;		_LCDL1Home
   500 ;;		_LCDL2Home
   501 ;; This function uses a non-reentrant model
   502 ;;
   503                           
   504                           	psect	text6
   505  00FF6A                     __ptext6:
   506                           	opt stack 0
   507  00FF6A                     _lcd_cmd:
   508                           	opt stack 28
   509                           
   510                           ;incstack = 0
   511                           ;lcd_cmd@cmd stored from wreg
   512  00FF6A  6E02               	movwf	lcd_cmd@cmd,c
   513                           
   514                           ;lcd.c: 131: LATD &= 0x00;
   515  00FF6C  0E00               	movlw	0
   516  00FF6E  6E8C               	movwf	3980,c	;volatile
   517                           
   518                           ;lcd.c: 132: LATD |= cmd;
   519  00FF70  5002               	movf	lcd_cmd@cmd,w,c
   520  00FF72  128C               	iorwf	3980,f,c	;volatile
   521                           
   522                           ;lcd.c: 133: LATEbits.LATE2 = 0;
   523  00FF74  948D               	bcf	3981,2,c	;volatile
   524                           
   525                           ;lcd.c: 134: LATEbits.LATE0 = 0;
   526  00FF76  908D               	bcf	3981,0,c	;volatile
   527                           
   528                           ;lcd.c: 135: LATEbits.LATE1 = 1;
   529  00FF78  828D               	bsf	3981,1,c	;volatile
   530                           
   531                           ;lcd.c: 136: __nop();
   532  00FF7A  F000               	nop	
   533                           
   534                           ;lcd.c: 137: __nop();
   535  00FF7C  F000               	nop	
   536                           
   537                           ;lcd.c: 138: __nop();
   538  00FF7E  F000               	nop	
   539                           
   540                           ;lcd.c: 139: LATEbits.LATE1 = 0;
   541  00FF80  928D               	bcf	3981,1,c	;volatile
   542                           
   543                           ;lcd.c: 141: Delay1KTCYx(10);
   544  00FF82  0E0A               	movlw	10
   545  00FF84  EC9C  F07F         	call	_Delay1KTCYx
   546  00FF88  0012               	return	
   547  00FF8A                     __end_of_lcd_cmd:
   548                           	opt stack 0
   549                           wreg	equ	0xFE8
   550                           
   551 ;; *************** function _Delay1KTCYx *****************
   552 ;; Defined at:
   553 ;;		line 8 in file "C:\Program Files (x86)\Microchip\xc8\v1.32\sources\pic18\d1ktcyx.c"
   554 ;; Parameters:    Size  Location     Type
   555 ;;  unit            1    wreg     unsigned char 
   556 ;; Auto vars:     Size  Location     Type
   557 ;;  unit            1    0[COMRAM] unsigned char 
   558 ;; Return value:  Size  Location     Type
   559 ;;		None               void
   560 ;; Registers used:
   561 ;;		wreg
   562 ;; Tracked objects:
   563 ;;		On entry : 0/0
   564 ;;		On exit  : 0/0
   565 ;;		Unchanged: 0/0
   566 ;; Data sizes:     COMRAM   BANK0   BANK1   BANK2   BANK3   BANK4   BANK5   BANK6   BANK7   BANK8   BANK9  BANK10  BANK1
      +1  BANK12  BANK13  BANK14  BANK15
   567 ;;      Params:         0       0       0       0       0       0       0       0       0       0       0       0       
      +0       0       0       0       0
   568 ;;      Locals:         1       0       0       0       0       0       0       0       0       0       0       0       
      +0       0       0       0       0
   569 ;;      Temps:          0       0       0       0       0       0       0       0       0       0       0       0       
      +0       0       0       0       0
   570 ;;      Totals:         1       0       0       0       0       0       0       0       0       0       0       0       
      +0       0       0       0       0
   571 ;;Total ram usage:        1 bytes
   572 ;; Hardware stack levels used:    1
   573 ;; This function calls:
   574 ;;		Nothing
   575 ;; This function is called by:
   576 ;;		_LCDInit
   577 ;;		_lcd_cmd
   578 ;; This function uses a non-reentrant model
   579 ;;
   580                           
   581                           	psect	text7
   582  00FF38                     __ptext7:
   583                           	opt stack 0
   584  00FF38                     _Delay1KTCYx:
   585                           	opt stack 28
   586                           
   587                           ;incstack = 0
   588                           ;Delay1KTCYx@unit stored from wreg
   589  00FF38  6E01               	movwf	Delay1KTCYx@unit,c
   590  00FF3A                     l308:
   591  00FF3A  0EFA               	movlw	250
   592  00FF3C                     u37:
   593  00FF3C  F000               	nop	
   594  00FF3E  2EE8               	decfsz	wreg,f,c
   595  00FF40  D7FD               	goto	u37
   596  00FF42  2E01               	decfsz	Delay1KTCYx@unit,f,c
   597  00FF44  D7FA               	goto	l308
   598  00FF46  0012               	return	
   599  00FF48                     __end_of_Delay1KTCYx:
   600                           	opt stack 0
   601  0000                     wreg	equ	0xFE8
   602                           wreg	equ	0xFE8
   603                           
   604                           	psect	rparam
   605  0000                     wreg	equ	0xFE8


Data Sizes:
    Strings     0
    Constant    0
    Data        0
    BSS         0
    Persistent  0
    Stack       0

Auto Spaces:
    Space          Size  Autos    Used
    COMRAM          127      2       2
    BANK0           128      0       0
    BANK1           256      0       0
    BANK2           256      0       0
    BANK3           256      0       0
    BANK4           256      0       0
    BANK5           256      0       0
    BANK6           256      0       0
    BANK7           256      0       0
    BANK8           256      0       0
    BANK9           256      0       0
    BANK10          256      0       0
    BANK11          256      0       0
    BANK12          256      0       0
    BANK13          256      0       0
    BANK14          256      0       0
    BANK15          128      0       0

Pointer List with Targets:

    None.

Critical Paths under _main in COMRAM

    _LCDInit->_lcd_cmd
    _LCDClear->_lcd_cmd
    _lcd_cmd->_Delay1KTCYx

Critical Paths under _main in BANK0

    None.

Critical Paths under _main in BANK1

    None.

Critical Paths under _main in BANK2

    None.

Critical Paths under _main in BANK3

    None.

Critical Paths under _main in BANK4

    None.

Critical Paths under _main in BANK5

    None.

Critical Paths under _main in BANK6

    None.

Critical Paths under _main in BANK7

    None.

Critical Paths under _main in BANK8

    None.

Critical Paths under _main in BANK9

    None.

Critical Paths under _main in BANK10

    None.

Critical Paths under _main in BANK11

    None.

Critical Paths under _main in BANK12

    None.

Critical Paths under _main in BANK13

    None.

Critical Paths under _main in BANK14

    None.

Critical Paths under _main in BANK15

    None.

Call Graph Tables:

 ---------------------------------------------------------------------------------
 (Depth) Function   	        Calls       Base Space   Used Autos Params    Refs
 ---------------------------------------------------------------------------------
 (0) _main                                                 0     0      0      90
                           _LCDClear
                            _LCDInit
                             _initIO
                     _initOscillator
 ---------------------------------------------------------------------------------
 (1) _initOscillator                                       0     0      0       0
 ---------------------------------------------------------------------------------
 (1) _initIO                                               0     0      0       0
 ---------------------------------------------------------------------------------
 (1) _LCDInit                                              0     0      0      60
                        _Delay10TCYx
                        _Delay1KTCYx
                            _lcd_cmd
 ---------------------------------------------------------------------------------
 (2) _Delay10TCYx                                          1     1      0      15
                                              0 COMRAM     1     1      0
 ---------------------------------------------------------------------------------
 (1) _LCDClear                                             0     0      0      30
                            _lcd_cmd
 ---------------------------------------------------------------------------------
 (2) _lcd_cmd                                              1     1      0      30
                                              1 COMRAM     1     1      0
                        _Delay1KTCYx
 ---------------------------------------------------------------------------------
 (3) _Delay1KTCYx                                          1     1      0      15
                                              0 COMRAM     1     1      0
 ---------------------------------------------------------------------------------
 Estimated maximum stack depth 3
 ---------------------------------------------------------------------------------

 Call Graph Graphs:

 _main (ROOT)
   _LCDClear
     _lcd_cmd
       _Delay1KTCYx
   _LCDInit
     _Delay10TCYx
     _Delay1KTCYx
     _lcd_cmd
       _Delay1KTCYx
   _initIO
   _initOscillator

 Address spaces:
Name               Size   Autos  Total    Cost      Usage
BITCOMRAM           7F      0       0       0        0.0%
EEDATA             400      0       0       0        0.0%
NULL                 0      0       0       0        0.0%
CODE                 0      0       0       0        0.0%
COMRAM              7F      2       2       1        1.6%
STACK                0      0       0       2        0.0%
DATA                 0      0       0       3        0.0%
BITBANK0            80      0       0       4        0.0%
BANK0               80      0       0       5        0.0%
BITBANK1           100      0       0       6        0.0%
BANK1              100      0       0       7        0.0%
BITBANK2           100      0       0       8        0.0%
BANK2              100      0       0       9        0.0%
BITBANK3           100      0       0      10        0.0%
BANK3              100      0       0      11        0.0%
BITBANK4           100      0       0      12        0.0%
BANK4              100      0       0      13        0.0%
BITBANK5           100      0       0      14        0.0%
BANK5              100      0       0      15        0.0%
BITBANK6           100      0       0      16        0.0%
BANK6              100      0       0      17        0.0%
BITBANK7           100      0       0      18        0.0%
BANK7              100      0       0      19        0.0%
BITBANK8           100      0       0      20        0.0%
BANK8              100      0       0      21        0.0%
BITBANK9           100      0       0      22        0.0%
BANK9              100      0       0      23        0.0%
BITBANK10          100      0       0      24        0.0%
BANK10             100      0       0      25        0.0%
BITBANK11          100      0       0      26        0.0%
BANK11             100      0       0      27        0.0%
BITBANK12          100      0       0      28        0.0%
BANK12             100      0       0      29        0.0%
BITBANK13          100      0       0      30        0.0%
BANK13             100      0       0      31        0.0%
BITBANK14          100      0       0      32        0.0%
BANK14             100      0       0      33        0.0%
ABS                  0      0       0      34        0.0%
BITBANK15           80      0       0      35        0.0%
BANK15              80      0       0      36        0.0%
BIGRAM             F7F      0       0      37        0.0%
BITSFR               0      0       0      40        0.0%
SFR                  0      0       0      40        0.0%


Microchip Technology PIC18 Macro Assembler V1.32 build 58300 
Symbol Table                                                                                   Wed Nov 14 21:33:08 2018

                     l65 FF68                       u27 FF4C                       u37 FF3C  
                    l301 FF4A                      l308 FF3A                      wreg 000FE8  
        __end_of_LCDInit 0000             __CFG_LVP$OFF 000000             __CFG_WDT$OFF 000000  
                   _LATD 000F8C                     _main FF58                     start 0000  
          __CFG_IESO$OFF 000000            __CFG_MCLRE$ON 000000              _Delay10TCYx FF48  
       __end_of_LCDClear FF30              _Delay1KTCYx FF38                    ?_main 0001  
                  _TRISD 000F95            __CFG_PWRT$OFF 000000           __CFG_FCMEN$OFF 000000  
        __end_of_lcd_cmd FF8A            __CFG_WRTC$OFF 000000           __CFG_EBTRB$OFF 000000  
         __CFG_BOREN$OFF 000000          __initialization FF22             __end_of_main FF6A  
                 ??_main 0003            __activetblptr 000000                ??_LCDInit 0003  
                 _initIO FF1C                ??_lcd_cmd 0002                ?_LCDClear 0001  
             __accesstop 0080  __end_of__initialization FF22          __CFG_PBADEN$OFF 000000  
         __pcstackCOMRAM 0001  __size_of_initOscillator 0008               ??_LCDClear 0003  
           ?_Delay10TCYx 0001                  ?_initIO 0001             ?_Delay1KTCYx 0001  
                _LCDInit FF8A                  __Hparam 0000                  __Lparam 0000  
        __size_of_initIO 0006                  __pcinit FF22          Delay10TCYx@unit 0001  
                __ramtop 1000                  __ptext0 FF58                  __ptext1 FF30  
                __ptext2 FF1C                  __ptext3 FF8A                  __ptext4 FF48  
                __ptext5 FF28                  __ptext6 FF6A                  __ptext7 FF38  
                _lcd_cmd FF6A     end_of_initialization FF22                _TRISEbits 000F96  
             lcd_cmd@cmd 0002           _initOscillator FF30        __size_of_LCDClear 0008  
   __size_of_Delay10TCYx 0010           __end_of_initIO FF22     __size_of_Delay1KTCYx 0010  
    start_initialization FF22   __end_of_initOscillator FF38         __CFG_OSC$INTIO67 000000  
               ??_initIO 0001                 ?_LCDInit 0001          ?_initOscillator 0001  
        Delay1KTCYx@unit 0001                 ?_lcd_cmd 0001                 _LCDClear FF28  
               _LATEbits 000F8D         __size_of_LCDInit 0076                 __Hrparam 0000  
               __Lrparam 0000         __size_of_lcd_cmd 0020            __size_of_main 0012  
          ??_Delay10TCYx 0001            ??_Delay1KTCYx 0001         ??_initOscillator 0001  
             _OSCCONbits 000FD3      __end_of_Delay10TCYx FF58      __end_of_Delay1KTCYx FF48  
